<?xml version="1.0" encoding="UTF-8"?>
<!-- Generated by org.testng.reporters.JUnitReportReporter -->
<testsuite hostname="DESKTOP-FFK6AU3" failures="0" tests="1" name="testCase.LoginTestCase" time="47.210" errors="0" timestamp="2024-01-03T21:38:54 IST" skipped="0">
  <testcase classname="testCase.LoginTestCase" name="login" time="47.210"/>
</testsuite> <!-- testCase.LoginTestCase -->
