<?xml version="1.0" encoding="UTF-8"?>
<!-- Generated by org.testng.reporters.JUnitReportReporter -->
<testsuite hostname="DESKTOP-FFK6AU3" failures="0" tests="1" name="testCase.SignUp_TestCase" time="7.376" errors="0" timestamp="2024-01-03T21:38:54 IST" skipped="0">
  <testcase classname="testCase.SignUp_TestCase" name="sign_Up" time="7.376"/>
</testsuite> <!-- testCase.SignUp_TestCase -->
