<?xml version="1.0" encoding="UTF-8"?>
<!-- Generated by org.testng.reporters.JUnitReportReporter -->
<testsuite hostname="DESKTOP-FFK6AU3" failures="0" tests="1" name="testCase.Dynamic_password" time="10.708" errors="0" timestamp="2023-10-09T11:36:26 IST" skipped="0">
  <testcase classname="testCase.Dynamic_password" name="login" time="10.708"/>
</testsuite> <!-- testCase.Dynamic_password -->
