<?xml version="1.0" encoding="UTF-8"?>
<!-- Generated by org.testng.reporters.JUnitReportReporter -->
<testsuite hostname="DESKTOP-FFK6AU3" failures="0" tests="1" name="dataDriven.data_Driven_Practice" time="1.005" errors="0" timestamp="2024-01-11T22:53:30 IST" skipped="0">
  <testcase classname="dataDriven.data_Driven_Practice" name="data_Driven" time="1.005"/>
</testsuite> <!-- dataDriven.data_Driven_Practice -->
