<?xml version="1.0" encoding="UTF-8"?>
<!-- Generated by org.testng.reporters.JUnitReportReporter -->
<testsuite hostname="DESKTOP-FFK6AU3" failures="0" tests="1" name="testCase.LoginTestCase" time="5.941" errors="0" timestamp="2023-10-06T17:52:58 IST" skipped="0">
  <testcase classname="testCase.LoginTestCase" name="login" time="5.941"/>
</testsuite> <!-- testCase.LoginTestCase -->
