<?xml version="1.0" encoding="UTF-8"?>
<!-- Generated by org.testng.reporters.JUnitReportReporter -->
<testsuite hostname="DESKTOP-FFK6AU3" failures="0" tests="1" name="rahul_Notes_GreenKart.Webtable_Checking_SortedOrNot_Using_Streams" time="11.585" errors="0" timestamp="2024-01-10T13:36:00 IST" skipped="0">
  <testcase classname="rahul_Notes_GreenKart.Webtable_Checking_SortedOrNot_Using_Streams" name="webTable_Checking" time="11.585"/>
</testsuite> <!-- rahul_Notes_GreenKart.Webtable_Checking_SortedOrNot_Using_Streams -->
