<?xml version="1.0" encoding="UTF-8"?>
<!-- Generated by org.testng.reporters.JUnitReportReporter -->
<testsuite hostname="DESKTOP-FFK6AU3" failures="0" tests="1" name="testCase.SignUp_TestCase" time="13.457" errors="0" timestamp="2023-09-22T12:24:56 IST" skipped="0">
  <testcase classname="testCase.SignUp_TestCase" name="sign_Up" time="13.457"/>
</testsuite> <!-- testCase.SignUp_TestCase -->
