<?xml version="1.0" encoding="UTF-8"?>
<!-- Generated by org.testng.reporters.JUnitReportReporter -->
<testsuite hostname="DESKTOP-FFK6AU3" failures="0" tests="1" name="testCase.LoginTestCase" time="3.926" errors="0" timestamp="2023-12-22T13:08:16 IST" skipped="0">
  <testcase classname="testCase.LoginTestCase" name="login" time="3.926"/>
</testsuite> <!-- testCase.LoginTestCase -->
