<?xml version="1.0" encoding="UTF-8"?>
<!-- Generated by org.testng.reporters.JUnitReportReporter -->
<testsuite hostname="DESKTOP-FFK6AU3" failures="0" tests="1" name="LoginPage.Dynamic_Dropdown" time="6.101" errors="0" timestamp="2024-01-14T11:00:17 IST" skipped="0">
  <testcase classname="LoginPage.Dynamic_Dropdown" name="dynamic_Dropdown" time="6.101"/>
</testsuite> <!-- LoginPage.Dynamic_Dropdown -->
