<?xml version="1.0" encoding="UTF-8"?>
<!-- Generated by org.testng.reporters.JUnitReportReporter -->
<testsuite hostname="DESKTOP-FFK6AU3" failures="0" tests="1" name="rahul_Notes_GreenKart.Add_To_Kart_Multiple_Products" time="17.594" errors="0" timestamp="2024-01-24T20:19:21 IST" skipped="0">
  <testcase classname="rahul_Notes_GreenKart.Add_To_Kart_Multiple_Products" name="products_Ordering" time="17.594"/>
</testsuite> <!-- rahul_Notes_GreenKart.Add_To_Kart_Multiple_Products -->
