<?xml version="1.0" encoding="UTF-8"?>
<!-- Generated by org.testng.reporters.JUnitReportReporter -->
<testsuite hostname="DESKTOP-FFK6AU3" failures="0" tests="1" name="rahul_Notes_GreenKart.Webtable_Checking_SortedOrNot_Using_Streams" time="8.078" errors="0" timestamp="2024-01-03T15:52:02 IST" skipped="0">
  <testcase classname="rahul_Notes_GreenKart.Webtable_Checking_SortedOrNot_Using_Streams" name="webTable_Checking" time="8.078"/>
</testsuite> <!-- rahul_Notes_GreenKart.Webtable_Checking_SortedOrNot_Using_Streams -->
